<component name="libraryTable">
  <library name="junit">
    <CLASSES>
      <root url="file://$USER_HOME$/Downloads/junit4-r4.13.2/src/test/resources/junit" />
    </CLASSES>
    <JAVADOC />
    <SOURCES />
  </library>
</component>